<?xml version="1.0" encoding="UTF-8"?>
<testsuite xmlns:xsi="http://www.w3.org/2001/XMLSchema-instance" xsi:noNamespaceSchemaLocation="https://maven.apache.org/surefire/maven-surefire-plugin/xsd/surefire-test-report.xsd" name="com.tang.appdemo.server.service.LoginServiceTest" time="0.629" tests="1" errors="1" skipped="0" failures="0">
  <properties>
    <property name="java.specification.version" value="17"/>
    <property name="sun.cpu.isalist" value="amd64"/>
    <property name="sun.jnu.encoding" value="GBK"/>
    <property name="java.class.path" value="F:\JAVA_Project\Swagger-Demo\service\target\test-classes;F:\JAVA_Project\Swagger-Demo\service\target\classes;F:\JAVA_Project\Swagger-Demo\repository\target\repository-1.0.0.jar;F:\JAVA_Project\Swagger-Demo\common\target\common-1.0.0.jar;F:\maven\repository\io\springfox\springfox-swagger2\2.9.2\springfox-swagger2-2.9.2.jar;F:\maven\repository\io\swagger\swagger-annotations\1.5.20\swagger-annotations-1.5.20.jar;F:\maven\repository\io\swagger\swagger-models\1.5.20\swagger-models-1.5.20.jar;F:\maven\repository\com\fasterxml\jackson\core\jackson-annotations\2.14.2\jackson-annotations-2.14.2.jar;F:\maven\repository\io\springfox\springfox-spi\2.9.2\springfox-spi-2.9.2.jar;F:\maven\repository\io\springfox\springfox-core\2.9.2\springfox-core-2.9.2.jar;F:\maven\repository\io\springfox\springfox-schema\2.9.2\springfox-schema-2.9.2.jar;F:\maven\repository\io\springfox\springfox-swagger-common\2.9.2\springfox-swagger-common-2.9.2.jar;F:\maven\repository\io\springfox\springfox-spring-web\2.9.2\springfox-spring-web-2.9.2.jar;F:\maven\repository\com\google\guava\guava\20.0\guava-20.0.jar;F:\maven\repository\com\fasterxml\classmate\1.5.1\classmate-1.5.1.jar;F:\maven\repository\org\springframework\plugin\spring-plugin-core\1.2.0.RELEASE\spring-plugin-core-1.2.0.RELEASE.jar;F:\maven\repository\org\springframework\plugin\spring-plugin-metadata\1.2.0.RELEASE\spring-plugin-metadata-1.2.0.RELEASE.jar;F:\maven\repository\org\mapstruct\mapstruct\1.2.0.Final\mapstruct-1.2.0.Final.jar;F:\maven\repository\io\springfox\springfox-swagger-ui\2.9.2\springfox-swagger-ui-2.9.2.jar;F:\maven\repository\org\projectlombok\lombok\1.18.20\lombok-1.18.20.jar;F:\maven\repository\org\springframework\boot\spring-boot-starter-web\3.0.5\spring-boot-starter-web-3.0.5.jar;F:\maven\repository\org\springframework\boot\spring-boot-starter-json\3.0.5\spring-boot-starter-json-3.0.5.jar;F:\maven\repository\com\fasterxml\jackson\core\jackson-databind\2.14.2\jackson-databind-2.14.2.jar;F:\maven\repository\com\fasterxml\jackson\core\jackson-core\2.14.2\jackson-core-2.14.2.jar;F:\maven\repository\com\fasterxml\jackson\datatype\jackson-datatype-jdk8\2.14.2\jackson-datatype-jdk8-2.14.2.jar;F:\maven\repository\com\fasterxml\jackson\datatype\jackson-datatype-jsr310\2.14.2\jackson-datatype-jsr310-2.14.2.jar;F:\maven\repository\com\fasterxml\jackson\module\jackson-module-parameter-names\2.14.2\jackson-module-parameter-names-2.14.2.jar;F:\maven\repository\org\springframework\boot\spring-boot-starter-tomcat\3.0.5\spring-boot-starter-tomcat-3.0.5.jar;F:\maven\repository\org\apache\tomcat\embed\tomcat-embed-core\10.1.7\tomcat-embed-core-10.1.7.jar;F:\maven\repository\org\apache\tomcat\embed\tomcat-embed-el\10.1.7\tomcat-embed-el-10.1.7.jar;F:\maven\repository\org\apache\tomcat\embed\tomcat-embed-websocket\10.1.7\tomcat-embed-websocket-10.1.7.jar;F:\maven\repository\org\springframework\spring-web\6.0.7\spring-web-6.0.7.jar;F:\maven\repository\io\micrometer\micrometer-observation\1.10.5\micrometer-observation-1.10.5.jar;F:\maven\repository\io\micrometer\micrometer-commons\1.10.5\micrometer-commons-1.10.5.jar;F:\maven\repository\org\springframework\spring-webmvc\6.0.7\spring-webmvc-6.0.7.jar;F:\maven\repository\org\springframework\spring-expression\6.0.7\spring-expression-6.0.7.jar;F:\maven\repository\mysql\mysql-connector-java\8.0.30\mysql-connector-java-8.0.30.jar;F:\maven\repository\com\google\protobuf\protobuf-java\3.19.4\protobuf-java-3.19.4.jar;F:\maven\repository\org\mybatis\spring\boot\mybatis-spring-boot-starter\3.0.1\mybatis-spring-boot-starter-3.0.1.jar;F:\maven\repository\org\springframework\boot\spring-boot-starter-jdbc\3.0.5\spring-boot-starter-jdbc-3.0.5.jar;F:\maven\repository\com\zaxxer\HikariCP\5.0.1\HikariCP-5.0.1.jar;F:\maven\repository\org\springframework\spring-jdbc\6.0.7\spring-jdbc-6.0.7.jar;F:\maven\repository\org\mybatis\spring\boot\mybatis-spring-boot-autoconfigure\3.0.1\mybatis-spring-boot-autoconfigure-3.0.1.jar;F:\maven\repository\org\mybatis\mybatis\3.5.11\mybatis-3.5.11.jar;F:\maven\repository\org\mybatis\mybatis-spring\3.0.1\mybatis-spring-3.0.1.jar;F:\maven\repository\com\github\pagehelper\pagehelper-spring-boot-starter\1.4.3\pagehelper-spring-boot-starter-1.4.3.jar;F:\maven\repository\com\github\pagehelper\pagehelper-spring-boot-autoconfigure\1.4.3\pagehelper-spring-boot-autoconfigure-1.4.3.jar;F:\maven\repository\com\github\pagehelper\pagehelper\5.3.1\pagehelper-5.3.1.jar;F:\maven\repository\com\github\jsqlparser\jsqlparser\4.2\jsqlparser-4.2.jar;F:\maven\repository\org\springframework\boot\spring-boot-starter-data-redis\3.0.5\spring-boot-starter-data-redis-3.0.5.jar;F:\maven\repository\org\springframework\boot\spring-boot-starter\3.0.5\spring-boot-starter-3.0.5.jar;F:\maven\repository\org\springframework\boot\spring-boot\3.0.5\spring-boot-3.0.5.jar;F:\maven\repository\org\springframework\spring-context\6.0.7\spring-context-6.0.7.jar;F:\maven\repository\org\springframework\boot\spring-boot-autoconfigure\3.0.5\spring-boot-autoconfigure-3.0.5.jar;F:\maven\repository\org\springframework\boot\spring-boot-starter-logging\3.0.5\spring-boot-starter-logging-3.0.5.jar;F:\maven\repository\ch\qos\logback\logback-classic\1.4.6\logback-classic-1.4.6.jar;F:\maven\repository\ch\qos\logback\logback-core\1.4.6\logback-core-1.4.6.jar;F:\maven\repository\org\apache\logging\log4j\log4j-to-slf4j\2.19.0\log4j-to-slf4j-2.19.0.jar;F:\maven\repository\org\apache\logging\log4j\log4j-api\2.19.0\log4j-api-2.19.0.jar;F:\maven\repository\org\slf4j\jul-to-slf4j\2.0.7\jul-to-slf4j-2.0.7.jar;F:\maven\repository\jakarta\annotation\jakarta.annotation-api\2.1.1\jakarta.annotation-api-2.1.1.jar;F:\maven\repository\org\yaml\snakeyaml\1.33\snakeyaml-1.33.jar;F:\maven\repository\org\springframework\data\spring-data-redis\3.0.4\spring-data-redis-3.0.4.jar;F:\maven\repository\org\springframework\data\spring-data-keyvalue\3.0.4\spring-data-keyvalue-3.0.4.jar;F:\maven\repository\org\springframework\data\spring-data-commons\3.0.4\spring-data-commons-3.0.4.jar;F:\maven\repository\org\springframework\spring-tx\6.0.7\spring-tx-6.0.7.jar;F:\maven\repository\org\springframework\spring-beans\6.0.7\spring-beans-6.0.7.jar;F:\maven\repository\org\springframework\spring-oxm\6.0.7\spring-oxm-6.0.7.jar;F:\maven\repository\org\springframework\spring-aop\6.0.7\spring-aop-6.0.7.jar;F:\maven\repository\org\springframework\spring-context-support\6.0.7\spring-context-support-6.0.7.jar;F:\maven\repository\org\slf4j\slf4j-api\2.0.7\slf4j-api-2.0.7.jar;F:\maven\repository\io\lettuce\lettuce-core\6.2.3.RELEASE\lettuce-core-6.2.3.RELEASE.jar;F:\maven\repository\io\netty\netty-common\4.1.90.Final\netty-common-4.1.90.Final.jar;F:\maven\repository\io\netty\netty-handler\4.1.90.Final\netty-handler-4.1.90.Final.jar;F:\maven\repository\io\netty\netty-resolver\4.1.90.Final\netty-resolver-4.1.90.Final.jar;F:\maven\repository\io\netty\netty-buffer\4.1.90.Final\netty-buffer-4.1.90.Final.jar;F:\maven\repository\io\netty\netty-transport-native-unix-common\4.1.90.Final\netty-transport-native-unix-common-4.1.90.Final.jar;F:\maven\repository\io\netty\netty-codec\4.1.90.Final\netty-codec-4.1.90.Final.jar;F:\maven\repository\io\netty\netty-transport\4.1.90.Final\netty-transport-4.1.90.Final.jar;F:\maven\repository\io\projectreactor\reactor-core\3.5.4\reactor-core-3.5.4.jar;F:\maven\repository\org\reactivestreams\reactive-streams\1.0.4\reactive-streams-1.0.4.jar;F:\maven\repository\com\alibaba\fastjson\2.0.21\fastjson-2.0.21.jar;F:\maven\repository\com\alibaba\fastjson2\fastjson2-extension\2.0.21\fastjson2-extension-2.0.21.jar;F:\maven\repository\com\alibaba\fastjson2\fastjson2\2.0.21\fastjson2-2.0.21.jar;F:\maven\repository\org\springframework\boot\spring-boot-starter-test\3.0.5\spring-boot-starter-test-3.0.5.jar;F:\maven\repository\org\springframework\boot\spring-boot-test\3.0.5\spring-boot-test-3.0.5.jar;F:\maven\repository\org\springframework\boot\spring-boot-test-autoconfigure\3.0.5\spring-boot-test-autoconfigure-3.0.5.jar;F:\maven\repository\com\jayway\jsonpath\json-path\2.7.0\json-path-2.7.0.jar;F:\maven\repository\net\minidev\json-smart\2.4.10\json-smart-2.4.10.jar;F:\maven\repository\net\minidev\accessors-smart\2.4.9\accessors-smart-2.4.9.jar;F:\maven\repository\org\ow2\asm\asm\9.3\asm-9.3.jar;F:\maven\repository\jakarta\xml\bind\jakarta.xml.bind-api\4.0.0\jakarta.xml.bind-api-4.0.0.jar;F:\maven\repository\jakarta\activation\jakarta.activation-api\2.1.1\jakarta.activation-api-2.1.1.jar;F:\maven\repository\org\assertj\assertj-core\3.23.1\assertj-core-3.23.1.jar;F:\maven\repository\net\bytebuddy\byte-buddy\1.12.23\byte-buddy-1.12.23.jar;F:\maven\repository\org\hamcrest\hamcrest\2.2\hamcrest-2.2.jar;F:\maven\repository\org\junit\jupiter\junit-jupiter\5.9.2\junit-jupiter-5.9.2.jar;F:\maven\repository\org\junit\jupiter\junit-jupiter-api\5.9.2\junit-jupiter-api-5.9.2.jar;F:\maven\repository\org\opentest4j\opentest4j\1.2.0\opentest4j-1.2.0.jar;F:\maven\repository\org\junit\platform\junit-platform-commons\1.9.2\junit-platform-commons-1.9.2.jar;F:\maven\repository\org\apiguardian\apiguardian-api\1.1.2\apiguardian-api-1.1.2.jar;F:\maven\repository\org\junit\jupiter\junit-jupiter-params\5.9.2\junit-jupiter-params-5.9.2.jar;F:\maven\repository\org\junit\jupiter\junit-jupiter-engine\5.9.2\junit-jupiter-engine-5.9.2.jar;F:\maven\repository\org\junit\platform\junit-platform-engine\1.9.2\junit-platform-engine-1.9.2.jar;F:\maven\repository\org\mockito\mockito-core\4.8.1\mockito-core-4.8.1.jar;F:\maven\repository\net\bytebuddy\byte-buddy-agent\1.12.23\byte-buddy-agent-1.12.23.jar;F:\maven\repository\org\objenesis\objenesis\3.2\objenesis-3.2.jar;F:\maven\repository\org\mockito\mockito-junit-jupiter\4.8.1\mockito-junit-jupiter-4.8.1.jar;F:\maven\repository\org\skyscreamer\jsonassert\1.5.1\jsonassert-1.5.1.jar;F:\maven\repository\com\vaadin\external\google\android-json\0.0.20131108.vaadin1\android-json-0.0.20131108.vaadin1.jar;F:\maven\repository\org\springframework\spring-core\6.0.7\spring-core-6.0.7.jar;F:\maven\repository\org\springframework\spring-jcl\6.0.7\spring-jcl-6.0.7.jar;F:\maven\repository\org\springframework\spring-test\6.0.7\spring-test-6.0.7.jar;F:\maven\repository\org\xmlunit\xmlunit-core\2.9.1\xmlunit-core-2.9.1.jar;"/>
    <property name="java.vm.vendor" value="Oracle Corporation"/>
    <property name="sun.arch.data.model" value="64"/>
    <property name="user.variant" value=""/>
    <property name="java.vendor.url" value="https://java.oracle.com/"/>
    <property name="user.timezone" value="Asia/Shanghai"/>
    <property name="os.name" value="Windows 11"/>
    <property name="java.vm.specification.version" value="17"/>
    <property name="sun.java.launcher" value="SUN_STANDARD"/>
    <property name="user.country" value="CN"/>
    <property name="sun.boot.library.path" value="F:\jdk-17\bin"/>
    <property name="sun.java.command" value="C:\Users\Thinkpad\AppData\Local\Temp\surefire11390066801791979204\surefirebooter9189298251214546031.jar C:\Users\Thinkpad\AppData\Local\Temp\surefire11390066801791979204 2023-12-01T20-16-25_122-jvmRun1 surefire16092448081479114296tmp surefire_116592036950603844445tmp"/>
    <property name="jdk.debug" value="release"/>
    <property name="surefire.test.class.path" value="F:\JAVA_Project\Swagger-Demo\service\target\test-classes;F:\JAVA_Project\Swagger-Demo\service\target\classes;F:\JAVA_Project\Swagger-Demo\repository\target\repository-1.0.0.jar;F:\JAVA_Project\Swagger-Demo\common\target\common-1.0.0.jar;F:\maven\repository\io\springfox\springfox-swagger2\2.9.2\springfox-swagger2-2.9.2.jar;F:\maven\repository\io\swagger\swagger-annotations\1.5.20\swagger-annotations-1.5.20.jar;F:\maven\repository\io\swagger\swagger-models\1.5.20\swagger-models-1.5.20.jar;F:\maven\repository\com\fasterxml\jackson\core\jackson-annotations\2.14.2\jackson-annotations-2.14.2.jar;F:\maven\repository\io\springfox\springfox-spi\2.9.2\springfox-spi-2.9.2.jar;F:\maven\repository\io\springfox\springfox-core\2.9.2\springfox-core-2.9.2.jar;F:\maven\repository\io\springfox\springfox-schema\2.9.2\springfox-schema-2.9.2.jar;F:\maven\repository\io\springfox\springfox-swagger-common\2.9.2\springfox-swagger-common-2.9.2.jar;F:\maven\repository\io\springfox\springfox-spring-web\2.9.2\springfox-spring-web-2.9.2.jar;F:\maven\repository\com\google\guava\guava\20.0\guava-20.0.jar;F:\maven\repository\com\fasterxml\classmate\1.5.1\classmate-1.5.1.jar;F:\maven\repository\org\springframework\plugin\spring-plugin-core\1.2.0.RELEASE\spring-plugin-core-1.2.0.RELEASE.jar;F:\maven\repository\org\springframework\plugin\spring-plugin-metadata\1.2.0.RELEASE\spring-plugin-metadata-1.2.0.RELEASE.jar;F:\maven\repository\org\mapstruct\mapstruct\1.2.0.Final\mapstruct-1.2.0.Final.jar;F:\maven\repository\io\springfox\springfox-swagger-ui\2.9.2\springfox-swagger-ui-2.9.2.jar;F:\maven\repository\org\projectlombok\lombok\1.18.20\lombok-1.18.20.jar;F:\maven\repository\org\springframework\boot\spring-boot-starter-web\3.0.5\spring-boot-starter-web-3.0.5.jar;F:\maven\repository\org\springframework\boot\spring-boot-starter-json\3.0.5\spring-boot-starter-json-3.0.5.jar;F:\maven\repository\com\fasterxml\jackson\core\jackson-databind\2.14.2\jackson-databind-2.14.2.jar;F:\maven\repository\com\fasterxml\jackson\core\jackson-core\2.14.2\jackson-core-2.14.2.jar;F:\maven\repository\com\fasterxml\jackson\datatype\jackson-datatype-jdk8\2.14.2\jackson-datatype-jdk8-2.14.2.jar;F:\maven\repository\com\fasterxml\jackson\datatype\jackson-datatype-jsr310\2.14.2\jackson-datatype-jsr310-2.14.2.jar;F:\maven\repository\com\fasterxml\jackson\module\jackson-module-parameter-names\2.14.2\jackson-module-parameter-names-2.14.2.jar;F:\maven\repository\org\springframework\boot\spring-boot-starter-tomcat\3.0.5\spring-boot-starter-tomcat-3.0.5.jar;F:\maven\repository\org\apache\tomcat\embed\tomcat-embed-core\10.1.7\tomcat-embed-core-10.1.7.jar;F:\maven\repository\org\apache\tomcat\embed\tomcat-embed-el\10.1.7\tomcat-embed-el-10.1.7.jar;F:\maven\repository\org\apache\tomcat\embed\tomcat-embed-websocket\10.1.7\tomcat-embed-websocket-10.1.7.jar;F:\maven\repository\org\springframework\spring-web\6.0.7\spring-web-6.0.7.jar;F:\maven\repository\io\micrometer\micrometer-observation\1.10.5\micrometer-observation-1.10.5.jar;F:\maven\repository\io\micrometer\micrometer-commons\1.10.5\micrometer-commons-1.10.5.jar;F:\maven\repository\org\springframework\spring-webmvc\6.0.7\spring-webmvc-6.0.7.jar;F:\maven\repository\org\springframework\spring-expression\6.0.7\spring-expression-6.0.7.jar;F:\maven\repository\mysql\mysql-connector-java\8.0.30\mysql-connector-java-8.0.30.jar;F:\maven\repository\com\google\protobuf\protobuf-java\3.19.4\protobuf-java-3.19.4.jar;F:\maven\repository\org\mybatis\spring\boot\mybatis-spring-boot-starter\3.0.1\mybatis-spring-boot-starter-3.0.1.jar;F:\maven\repository\org\springframework\boot\spring-boot-starter-jdbc\3.0.5\spring-boot-starter-jdbc-3.0.5.jar;F:\maven\repository\com\zaxxer\HikariCP\5.0.1\HikariCP-5.0.1.jar;F:\maven\repository\org\springframework\spring-jdbc\6.0.7\spring-jdbc-6.0.7.jar;F:\maven\repository\org\mybatis\spring\boot\mybatis-spring-boot-autoconfigure\3.0.1\mybatis-spring-boot-autoconfigure-3.0.1.jar;F:\maven\repository\org\mybatis\mybatis\3.5.11\mybatis-3.5.11.jar;F:\maven\repository\org\mybatis\mybatis-spring\3.0.1\mybatis-spring-3.0.1.jar;F:\maven\repository\com\github\pagehelper\pagehelper-spring-boot-starter\1.4.3\pagehelper-spring-boot-starter-1.4.3.jar;F:\maven\repository\com\github\pagehelper\pagehelper-spring-boot-autoconfigure\1.4.3\pagehelper-spring-boot-autoconfigure-1.4.3.jar;F:\maven\repository\com\github\pagehelper\pagehelper\5.3.1\pagehelper-5.3.1.jar;F:\maven\repository\com\github\jsqlparser\jsqlparser\4.2\jsqlparser-4.2.jar;F:\maven\repository\org\springframework\boot\spring-boot-starter-data-redis\3.0.5\spring-boot-starter-data-redis-3.0.5.jar;F:\maven\repository\org\springframework\boot\spring-boot-starter\3.0.5\spring-boot-starter-3.0.5.jar;F:\maven\repository\org\springframework\boot\spring-boot\3.0.5\spring-boot-3.0.5.jar;F:\maven\repository\org\springframework\spring-context\6.0.7\spring-context-6.0.7.jar;F:\maven\repository\org\springframework\boot\spring-boot-autoconfigure\3.0.5\spring-boot-autoconfigure-3.0.5.jar;F:\maven\repository\org\springframework\boot\spring-boot-starter-logging\3.0.5\spring-boot-starter-logging-3.0.5.jar;F:\maven\repository\ch\qos\logback\logback-classic\1.4.6\logback-classic-1.4.6.jar;F:\maven\repository\ch\qos\logback\logback-core\1.4.6\logback-core-1.4.6.jar;F:\maven\repository\org\apache\logging\log4j\log4j-to-slf4j\2.19.0\log4j-to-slf4j-2.19.0.jar;F:\maven\repository\org\apache\logging\log4j\log4j-api\2.19.0\log4j-api-2.19.0.jar;F:\maven\repository\org\slf4j\jul-to-slf4j\2.0.7\jul-to-slf4j-2.0.7.jar;F:\maven\repository\jakarta\annotation\jakarta.annotation-api\2.1.1\jakarta.annotation-api-2.1.1.jar;F:\maven\repository\org\yaml\snakeyaml\1.33\snakeyaml-1.33.jar;F:\maven\repository\org\springframework\data\spring-data-redis\3.0.4\spring-data-redis-3.0.4.jar;F:\maven\repository\org\springframework\data\spring-data-keyvalue\3.0.4\spring-data-keyvalue-3.0.4.jar;F:\maven\repository\org\springframework\data\spring-data-commons\3.0.4\spring-data-commons-3.0.4.jar;F:\maven\repository\org\springframework\spring-tx\6.0.7\spring-tx-6.0.7.jar;F:\maven\repository\org\springframework\spring-beans\6.0.7\spring-beans-6.0.7.jar;F:\maven\repository\org\springframework\spring-oxm\6.0.7\spring-oxm-6.0.7.jar;F:\maven\repository\org\springframework\spring-aop\6.0.7\spring-aop-6.0.7.jar;F:\maven\repository\org\springframework\spring-context-support\6.0.7\spring-context-support-6.0.7.jar;F:\maven\repository\org\slf4j\slf4j-api\2.0.7\slf4j-api-2.0.7.jar;F:\maven\repository\io\lettuce\lettuce-core\6.2.3.RELEASE\lettuce-core-6.2.3.RELEASE.jar;F:\maven\repository\io\netty\netty-common\4.1.90.Final\netty-common-4.1.90.Final.jar;F:\maven\repository\io\netty\netty-handler\4.1.90.Final\netty-handler-4.1.90.Final.jar;F:\maven\repository\io\netty\netty-resolver\4.1.90.Final\netty-resolver-4.1.90.Final.jar;F:\maven\repository\io\netty\netty-buffer\4.1.90.Final\netty-buffer-4.1.90.Final.jar;F:\maven\repository\io\netty\netty-transport-native-unix-common\4.1.90.Final\netty-transport-native-unix-common-4.1.90.Final.jar;F:\maven\repository\io\netty\netty-codec\4.1.90.Final\netty-codec-4.1.90.Final.jar;F:\maven\repository\io\netty\netty-transport\4.1.90.Final\netty-transport-4.1.90.Final.jar;F:\maven\repository\io\projectreactor\reactor-core\3.5.4\reactor-core-3.5.4.jar;F:\maven\repository\org\reactivestreams\reactive-streams\1.0.4\reactive-streams-1.0.4.jar;F:\maven\repository\com\alibaba\fastjson\2.0.21\fastjson-2.0.21.jar;F:\maven\repository\com\alibaba\fastjson2\fastjson2-extension\2.0.21\fastjson2-extension-2.0.21.jar;F:\maven\repository\com\alibaba\fastjson2\fastjson2\2.0.21\fastjson2-2.0.21.jar;F:\maven\repository\org\springframework\boot\spring-boot-starter-test\3.0.5\spring-boot-starter-test-3.0.5.jar;F:\maven\repository\org\springframework\boot\spring-boot-test\3.0.5\spring-boot-test-3.0.5.jar;F:\maven\repository\org\springframework\boot\spring-boot-test-autoconfigure\3.0.5\spring-boot-test-autoconfigure-3.0.5.jar;F:\maven\repository\com\jayway\jsonpath\json-path\2.7.0\json-path-2.7.0.jar;F:\maven\repository\net\minidev\json-smart\2.4.10\json-smart-2.4.10.jar;F:\maven\repository\net\minidev\accessors-smart\2.4.9\accessors-smart-2.4.9.jar;F:\maven\repository\org\ow2\asm\asm\9.3\asm-9.3.jar;F:\maven\repository\jakarta\xml\bind\jakarta.xml.bind-api\4.0.0\jakarta.xml.bind-api-4.0.0.jar;F:\maven\repository\jakarta\activation\jakarta.activation-api\2.1.1\jakarta.activation-api-2.1.1.jar;F:\maven\repository\org\assertj\assertj-core\3.23.1\assertj-core-3.23.1.jar;F:\maven\repository\net\bytebuddy\byte-buddy\1.12.23\byte-buddy-1.12.23.jar;F:\maven\repository\org\hamcrest\hamcrest\2.2\hamcrest-2.2.jar;F:\maven\repository\org\junit\jupiter\junit-jupiter\5.9.2\junit-jupiter-5.9.2.jar;F:\maven\repository\org\junit\jupiter\junit-jupiter-api\5.9.2\junit-jupiter-api-5.9.2.jar;F:\maven\repository\org\opentest4j\opentest4j\1.2.0\opentest4j-1.2.0.jar;F:\maven\repository\org\junit\platform\junit-platform-commons\1.9.2\junit-platform-commons-1.9.2.jar;F:\maven\repository\org\apiguardian\apiguardian-api\1.1.2\apiguardian-api-1.1.2.jar;F:\maven\repository\org\junit\jupiter\junit-jupiter-params\5.9.2\junit-jupiter-params-5.9.2.jar;F:\maven\repository\org\junit\jupiter\junit-jupiter-engine\5.9.2\junit-jupiter-engine-5.9.2.jar;F:\maven\repository\org\junit\platform\junit-platform-engine\1.9.2\junit-platform-engine-1.9.2.jar;F:\maven\repository\org\mockito\mockito-core\4.8.1\mockito-core-4.8.1.jar;F:\maven\repository\net\bytebuddy\byte-buddy-agent\1.12.23\byte-buddy-agent-1.12.23.jar;F:\maven\repository\org\objenesis\objenesis\3.2\objenesis-3.2.jar;F:\maven\repository\org\mockito\mockito-junit-jupiter\4.8.1\mockito-junit-jupiter-4.8.1.jar;F:\maven\repository\org\skyscreamer\jsonassert\1.5.1\jsonassert-1.5.1.jar;F:\maven\repository\com\vaadin\external\google\android-json\0.0.20131108.vaadin1\android-json-0.0.20131108.vaadin1.jar;F:\maven\repository\org\springframework\spring-core\6.0.7\spring-core-6.0.7.jar;F:\maven\repository\org\springframework\spring-jcl\6.0.7\spring-jcl-6.0.7.jar;F:\maven\repository\org\springframework\spring-test\6.0.7\spring-test-6.0.7.jar;F:\maven\repository\org\xmlunit\xmlunit-core\2.9.1\xmlunit-core-2.9.1.jar;"/>
    <property name="sun.cpu.endian" value="little"/>
    <property name="user.home" value="C:\Users\Thinkpad"/>
    <property name="user.language" value="zh"/>
    <property name="java.specification.vendor" value="Oracle Corporation"/>
    <property name="java.version.date" value="2023-10-17"/>
    <property name="java.home" value="F:\jdk-17"/>
    <property name="file.separator" value="\"/>
    <property name="basedir" value="F:\JAVA_Project\Swagger-Demo\service"/>
    <property name="java.vm.compressedOopsMode" value="Zero based"/>
    <property name="line.separator" value="&#10;"/>
    <property name="java.vm.specification.vendor" value="Oracle Corporation"/>
    <property name="java.specification.name" value="Java Platform API Specification"/>
    <property name="surefire.real.class.path" value="C:\Users\Thinkpad\AppData\Local\Temp\surefire11390066801791979204\surefirebooter9189298251214546031.jar"/>
    <property name="user.script" value=""/>
    <property name="sun.management.compiler" value="HotSpot 64-Bit Tiered Compilers"/>
    <property name="java.runtime.version" value="17.0.9+11-LTS-201"/>
    <property name="user.name" value="Thinkpad"/>
    <property name="path.separator" value=";"/>
    <property name="os.version" value="10.0"/>
    <property name="java.runtime.name" value="Java(TM) SE Runtime Environment"/>
    <property name="file.encoding" value="GBK"/>
    <property name="java.vm.name" value="Java HotSpot(TM) 64-Bit Server VM"/>
    <property name="localRepository" value="F:\maven\repository"/>
    <property name="java.vendor.url.bug" value="https://bugreport.java.com/bugreport/"/>
    <property name="java.io.tmpdir" value="C:\Users\Thinkpad\AppData\Local\Temp\"/>
    <property name="idea.version" value="2023.2.4"/>
    <property name="java.version" value="17.0.9"/>
    <property name="user.dir" value="F:\JAVA_Project\Swagger-Demo\service"/>
    <property name="os.arch" value="amd64"/>
    <property name="java.vm.specification.name" value="Java Virtual Machine Specification"/>
    <property name="sun.os.patch.level" value=""/>
    <property name="native.encoding" value="GBK"/>
    <property name="java.library.path" value="F:\jdk-17\bin;C:\WINDOWS\Sun\Java\bin;C:\WINDOWS\system32;C:\WINDOWS;C:\Program Files\Common Files\Oracle\Java\javapath;F:\apache-maven-3.6.3\bin;C:\Program Files (x86)\Common Files\Oracle\Java\javapath;F:\VW\bin\;F:\Python\Scripts\;F:\Python\;C:\ProgramData\Oracle\Java\javapath;C:\windows\system32;C:\windows;C:\windows\System32\Wbem;C:\windows\System32\WindowsPowerShell\v1.0\;C:\windows\System32\OpenSSH\;C:\Program Files (x86)\NVIDIA Corporation\PhysX\Common;C:\Program Files\NVIDIA Corporation\NVIDIA NvDLISR;C:\WINDOWS\system32;C:\WINDOWS;C:\WINDOWS\System32\Wbem;C:\WINDOWS\System32\WindowsPowerShell\v1.0\;C:\WINDOWS\System32\OpenSSH\;F:\jdk1.8\bin;F:\mysql-5.7.32-winx64\bin;C:\Program Files (x86)\dotnet\;C:\Program Files\Azure Data Studio\bin;C:\Program Files (x86)\Microsoft SQL Server\150\Tools\Binn\;C:\Program Files\Microsoft SQL Server\150\Tools\Binn\;C:\Program Files\Microsoft SQL Server\150\DTS\Binn\;C:\Program Files\Microsoft SQL Server\Client SDK\ODBC\170\Tools\Binn\;C:\Program Files\Bandizip\;F:\Anaconda3;F:\Anaconda3\Scripts;F:\Anaconda3\Library\bin;F:\apache-tomcat-8.5.87in;F:\apache-tomcat-8.5.87lib;F:\Git\cmd;%NVM_HOME%;%NVM_SYMLINK%;C:\Program Files\Docker\Docker\resources\bin;F:\python\Scripts\;F:\python\;C:\Users\Thinkpad\AppData\Local\Microsoft\WindowsApps;C:\Program Files\Azure Data Studio\bin;F:\PyCharm Community Edition 2018.3\bin;;F:\Microsoft VS Code\bin;F:\Nmap;C:\Users\Thinkpad\AppData\Roaming\npm;F:\IntelliJ IDEA 2020.1.3\bin;;F:\nvm;C:\Program Files\nodejs;."/>
    <property name="java.vm.info" value="mixed mode, sharing"/>
    <property name="java.vendor" value="Oracle Corporation"/>
    <property name="java.vm.version" value="17.0.9+11-LTS-201"/>
    <property name="sun.io.unicode.encoding" value="UnicodeLittle"/>
    <property name="maven.repo.local" value="F:\maven\repository"/>
    <property name="java.class.version" value="61.0"/>
  </properties>
  <testcase name="loginTest" classname="com.tang.appdemo.server.service.LoginServiceTest" time="0.612">
    <error type="com.tang.appdemo.common.exception.LoginException">com.tang.appdemo.common.exception.LoginException
	at com.tang.appdemo.server.service.LoginServiceTest.loginTest(LoginServiceTest.java:22)
</error>
    <system-out><![CDATA[2023-12-01T20:17:02.008+08:00  INFO 6744 --- [           main] t.c.s.AnnotationConfigContextLoaderUtils : Could not detect default configuration classes for test class [com.tang.appdemo.server.service.LoginServiceTest]: LoginServiceTest does not declare any static, non-private, non-final, nested classes annotated with @Configuration.
2023-12-01T20:17:02.021+08:00  INFO 6744 --- [           main] .b.t.c.SpringBootTestContextBootstrapper : Found @SpringBootConfiguration com.tang.appdemo.server.ServiceApplication for test class com.tang.appdemo.server.service.LoginServiceTest
Creating a new SqlSession
SqlSession [org.apache.ibatis.session.defaults.DefaultSqlSession@5f9a8ddc] was not registered for synchronization because synchronization is not active
2023-12-01T20:17:02.080+08:00  INFO 6744 --- [           main] com.zaxxer.hikari.HikariDataSource       : HikariPool-1 - Starting...
2023-12-01T20:17:02.459+08:00  INFO 6744 --- [           main] com.zaxxer.hikari.pool.HikariPool        : HikariPool-1 - Added connection com.mysql.cj.jdbc.ConnectionImpl@15c1b543
2023-12-01T20:17:02.463+08:00  INFO 6744 --- [           main] com.zaxxer.hikari.HikariDataSource       : HikariPool-1 - Start completed.
JDBC Connection [HikariProxyConnection@246846952 wrapping com.mysql.cj.jdbc.ConnectionImpl@15c1b543] will not be managed by Spring
==>  Preparing: select id,username,password,name,phone,avatar,description,status,create_time,update_time,is_deleted from sys_user where username = ?
==> Parameters: admin(String)
<==    Columns: id, username, password, name, phone, avatar, description, status, create_time, update_time, is_deleted
<==        Row: 1, admin, 96e79218965eb72c92a549dd5a330112, admin, 15011113652, https://oss.aliyuncs.com/aliyun_id_photo_bucket/default_handsome.jpg, null, 1, 2023-05-04 10:17:18, 2023-05-04 10:37:42, 0
<==      Total: 1
Closing non transactional SqlSession [org.apache.ibatis.session.defaults.DefaultSqlSession@5f9a8ddc]
]]></system-out>
  </testcase>
</testsuite>